\BOOKMARK [0][-]{chapter.1}{The Fitzhugh-Nagumo Model}{}% 1
\BOOKMARK [1][-]{section.1.1}{Model Rationale and Variables}{chapter.1}% 2
\BOOKMARK [1][-]{section.1.2}{Purpose of Model and Examination}{chapter.1}% 3
\BOOKMARK [1][-]{section.1.3}{Model Classification}{chapter.1}% 4
\BOOKMARK [1][-]{section.1.4}{Stability Analysis}{chapter.1}% 5
\BOOKMARK [1][-]{section.1.5}{Coupled Oscillators}{chapter.1}% 6
\BOOKMARK [0][-]{chapter.2}{Modelling Myocardial Necrosis}{}% 7
\BOOKMARK [1][-]{section.2.1}{Translational Perspective}{chapter.2}% 8
\BOOKMARK [1][-]{section.2.2}{Necrosis Propagation}{chapter.2}% 9
\BOOKMARK [1][-]{section.2.3}{Static Disease Burden}{chapter.2}% 10
\BOOKMARK [2][-]{subsection.2.3.1}{Disease Model}{section.2.3}% 11
\BOOKMARK [2][-]{subsection.2.3.2}{Dispersion of Necrosis}{section.2.3}% 12
\BOOKMARK [2][-]{subsection.2.3.3}{Density of Necrosis}{section.2.3}% 13
\BOOKMARK [2][-]{subsection.2.3.4}{Discussion}{section.2.3}% 14
\BOOKMARK [1][-]{section.2.4}{Dynamic Disease Burden}{chapter.2}% 15
\BOOKMARK [2][-]{subsection.2.4.1}{Disease Model}{section.2.4}% 16
\BOOKMARK [2][-]{subsection.2.4.2}{Dispersion of Necrosis}{section.2.4}% 17
\BOOKMARK [2][-]{subsection.2.4.3}{Density of Necrosis}{section.2.4}% 18
\BOOKMARK [2][-]{subsection.2.4.4}{Discussion}{section.2.4}% 19
\BOOKMARK [1][-]{section.2.5}{Conclusion}{chapter.2}% 20
\BOOKMARK [0][-]{chapter.3}{Additional Material}{}% 21
\BOOKMARK [1][-]{section.3.1}{Web App}{chapter.3}% 22
\BOOKMARK [2][-]{subsection.3.1.1}{Description of Model}{section.3.1}% 23
\BOOKMARK [2][-]{subsection.3.1.2}{Building locally}{section.3.1}% 24
\BOOKMARK [1][-]{section.3.2}{Additional Visualizations \046 Supporting Information}{chapter.3}% 25
\BOOKMARK [0][-]{chapter.4}{References}{}% 26
